Arguments: 
  /usr/bin/node /usr/share/yarn/bin/yarn.js add @ckeditor/ckeditor5-watchdog@38.1.1

PATH: 
  /home/vboxuser/.vscode-server/bin/f1e16e1e6214d7c44d078b1f0607b2388f29d729/bin/remote-cli:/home/vboxuser/pub6/pub6-ml/.venv/ml/bin:/usr/local/sbin:/usr/local/bin:/usr/sbin:/usr/bin:/sbin:/bin:/usr/games:/usr/local/games:/snap/bin

Yarn version: 
  1.22.19

Node version: 
  18.19.0

Platform: 
  linux x64

Trace: 
  Invariant Violation: expected workspace package to exist for "glob"
      at invariant (/usr/share/yarn/lib/cli.js:2318:15)
      at _loop2 (/usr/share/yarn/lib/cli.js:91040:9)
      at PackageHoister.init (/usr/share/yarn/lib/cli.js:91099:19)
      at PackageLinker.getFlatHoistedTree (/usr/share/yarn/lib/cli.js:48549:20)
      at PackageLinker.<anonymous> (/usr/share/yarn/lib/cli.js:48560:27)
      at Generator.next (<anonymous>)
      at step (/usr/share/yarn/lib/cli.js:310:30)
      at /usr/share/yarn/lib/cli.js:328:14
      at new Promise (<anonymous>)
      at new F (/usr/share/yarn/lib/cli.js:5305:28)

npm manifest: 
  {
    "name": "@ckeditor/ckeditor5-build-decoupled-document",
    "version": "38.1.1",
    "description": "The document editor build of CKEditor 5 – the best browser-based rich text editor.",
    "keywords": [
      "ckeditor5-build",
      "ckeditor",
      "ckeditor5",
      "ckeditor 5",
      "wysiwyg",
      "rich text",
      "editor",
      "html",
      "contentEditable",
      "editing",
      "operational transformation",
      "ot",
      "collaboration",
      "collaborative",
      "real-time",
      "framework"
    ],
    "main": "./build/ckeditor.js",
    "types": "./build/ckeditor.d.ts",
    "files": [
      "build",
      "ckeditor5-metadata.json",
      "CHANGELOG.md"
    ],
    "dependencies": {
      "@ckeditor/ckeditor5-adapter-ckfinder": "38.1.1",
      "@ckeditor/ckeditor5-alignment": "38.1.1",
      "@ckeditor/ckeditor5-autoformat": "38.1.1",
      "@ckeditor/ckeditor5-basic-styles": "38.1.1",
      "@ckeditor/ckeditor5-block-quote": "38.1.1",
      "@ckeditor/ckeditor5-ckbox": "38.1.1",
      "@ckeditor/ckeditor5-ckfinder": "38.1.1",
      "@ckeditor/ckeditor5-cloud-services": "38.1.1",
      "@ckeditor/ckeditor5-easy-image": "38.1.1",
      "@ckeditor/ckeditor5-editor-decoupled": "38.1.1",
      "@ckeditor/ckeditor5-essentials": "38.1.1",
      "@ckeditor/ckeditor5-font": "38.1.1",
      "@ckeditor/ckeditor5-heading": "38.1.1",
      "@ckeditor/ckeditor5-image": "38.1.1",
      "@ckeditor/ckeditor5-indent": "38.1.1",
      "@ckeditor/ckeditor5-link": "38.1.1",
      "@ckeditor/ckeditor5-list": "38.1.1",
      "@ckeditor/ckeditor5-media-embed": "38.1.1",
      "@ckeditor/ckeditor5-paragraph": "38.1.1",
      "@ckeditor/ckeditor5-paste-from-office": "38.1.1",
      "@ckeditor/ckeditor5-table": "38.1.1",
      "@ckeditor/ckeditor5-typing": "38.1.1"
    },
    "devDependencies": {
      "@ckeditor/ckeditor5-core": "38.1.1",
      "@ckeditor/ckeditor5-dev-translations": "^38.0.0",
      "@ckeditor/ckeditor5-dev-utils": "^38.0.0",
      "@ckeditor/ckeditor5-theme-lark": "38.1.1",
      "@ckeditor/ckeditor5-real-time-collaboration": "38.1.1",
      "terser-webpack-plugin": "^4.2.3",
      "typescript": "^4.8.4",
      "webpack": "^5.58.1",
      "webpack-cli": "^4.9.0"
    },
    "engines": {
      "node": ">=16.0.0",
      "npm": ">=5.7.1"
    },
    "author": "CKSource (http://cksource.com/)",
    "license": "GPL-2.0-or-later",
    "homepage": "https://ckeditor.com/ckeditor-5",
    "bugs": "https://github.com/ckeditor/ckeditor5/issues",
    "repository": {
      "type": "git",
      "url": "https://github.com/ckeditor/ckeditor5.git",
      "directory": "packages/ckeditor5-build-decoupled-document"
    },
    "scripts": {
      "build": "webpack --mode production",
      "postbuild": "tsc -p ./tsconfig.types.json"
    }
  }

yarn manifest: 
  No manifest

Lockfile: 
  No lockfile
